2023-05-09 14:20:05,355 - INFO - quote {'T': 'q', 'S': 'BTC/USD', 'bp': 27855.79, 'bs': 0.15336, 'ap': 27863.01, 'as': 0.00105, 't': Timestamp(seconds=1683660005, nanoseconds=386375197)}
2023-05-09 14:20:05,589 - INFO - trade {'T': 't', 'S': 'BTC/USD', 'p': 27863.01, 's': 0.00105, 't': Timestamp(seconds=1683660005, nanoseconds=613000000), 'i': 16579675, 'tks': 'B'}
2023-05-09 14:20:05,590 - INFO - quote {'T': 'q', 'S': 'BTC/USD', 'bp': 27855.79, 'bs': 0.15336, 'ap': 27867.0, 'as': 0.28704, 't': Timestamp(seconds=1683660005, nanoseconds=621829176)}
2023-05-09 14:20:06,050 - INFO - quote {'T': 'q', 'S': 'BTC/USD', 'bp': 27855.8, 'bs': 0.0359, 'ap': 27867.0, 'as': 0.28704, 't': Timestamp(seconds=1683660006, nanoseconds=81708988)}
2023-05-09 14:20:06,064 - INFO - quote {'T': 'q', 'S': 'BTC/USD', 'bp': 27855.8, 'bs': 0.11318, 'ap': 27867.0, 'as': 0.28704, 't': Timestamp(seconds=1683660006, nanoseconds=95353009)}
2023-05-09 14:20:07,353 - INFO - quote {'T': 'q', 'S': 'BTC/USD', 'bp': 27855.39, 'bs': 0.05373, 'ap': 27867.0, 'as': 0.28704, 't': Timestamp(seconds=1683660007, nanoseconds=308403204)}
2023-05-09 14:20:07,353 - INFO - trade {'T': 't', 'S': 'BTC/USD', 'p': 27855.8, 's': 0.11318, 't': Timestamp(seconds=1683660007, nanoseconds=302000000), 'i': 16579676, 'tks': 'S'}
2023-05-09 14:20:07,353 - INFO - trade {'T': 't', 'S': 'BTC/USD', 'p': 27855.79, 's': 0.00533, 't': Timestamp(seconds=1683660007, nanoseconds=302000000), 'i': 16579677, 'tks': 'S'}
2023-05-09 14:20:07,354 - INFO - trade {'T': 't', 'S': 'BTC/USD', 'p': 27855.39, 's': 0.08917, 't': Timestamp(seconds=1683660007, nanoseconds=302000000), 'i': 16579678, 'tks': 'S'}
2023-05-09 14:20:07,354 - INFO - quote {'T': 'q', 'S': 'BTC/USD', 'bp': 27854.0, 'bs': 0.12313, 'ap': 27867.0, 'as': 0.28704, 't': Timestamp(seconds=1683660007, nanoseconds=319363015)}
2023-05-09 14:20:07,355 - INFO - quote {'T': 'q', 'S': 'BTC/USD', 'bp': 27854.0, 'bs': 0.12313, 'ap': 27866.99, 'as': 0.07728, 't': Timestamp(seconds=1683660007, nanoseconds=326257033)}
2023-05-09 14:20:07,355 - INFO - quote {'T': 'q', 'S': 'BTC/USD', 'bp': 27854.0, 'bs': 0.31313, 'ap': 27866.99, 'as': 0.07728, 't': Timestamp(seconds=1683660007, nanoseconds=336818622)}
2023-05-09 14:20:07,355 - INFO - quote {'T': 'q', 'S': 'BTC/USD', 'bp': 27854.01, 'bs': 0.0359, 'ap': 27866.99, 'as': 0.07728, 't': Timestamp(seconds=1683660007, nanoseconds=339692322)}
2023-05-09 14:20:07,357 - INFO - quote {'T': 'q', 'S': 'BTC/USD', 'bp': 27854.01, 'bs': 0.0359, 'ap': 27860.79, 'as': 0.00532, 't': Timestamp(seconds=1683660007, nanoseconds=387845504)}
2023-05-09 14:20:07,363 - INFO - quote {'T': 'q', 'S': 'BTC/USD', 'bp': 27854.01, 'bs': 0.0359, 'ap': 27866.99, 'as': 0.07728, 't': Timestamp(seconds=1683660007, nanoseconds=394271813)}
2023-05-09 14:20:07,363 - INFO - trade {'T': 't', 'S': 'BTC/USD', 'p': 27860.79, 's': 0.00532, 't': Timestamp(seconds=1683660007, nanoseconds=387000000), 'i': 16579679, 'tks': 'B'}
2023-05-09 14:20:07,431 - INFO - quote {'T': 'q', 'S': 'BTC/USD', 'bp': 27856.61, 'bs': 0.00532, 'ap': 27866.99, 'as': 0.07728, 't': Timestamp(seconds=1683660007, nanoseconds=462978485)}
2023-05-09 14:20:07,510 - INFO - quote {'T': 'q', 'S': 'BTC/USD', 'bp': 27856.62, 'bs': 0.03554, 'ap': 27866.99, 'as': 0.07728, 't': Timestamp(seconds=1683660007, nanoseconds=537349515)}
2023-05-09 14:20:09,094 - INFO - quote {'T': 'q', 'S': 'BTC/USD', 'bp': 27856.62, 'bs': 0.1978, 'ap': 27866.99, 'as': 0.07728, 't': Timestamp(seconds=1683660009, nanoseconds=92840888)}
2023-05-09 14:20:11,858 - INFO - quote {'T': 'q', 'S': 'BTC/USD', 'bp': 27856.62, 'bs': 0.03554, 'ap': 27866.99, 'as': 0.07728, 't': Timestamp(seconds=1683660011, nanoseconds=878915028)}
2023-05-09 14:20:12,213 - INFO - quote {'T': 'q', 'S': 'BTC/USD', 'bp': 27856.61, 'bs': 0.00532, 'ap': 27866.99, 'as': 0.07728, 't': Timestamp(seconds=1683660012, nanoseconds=244653301)}
2023-05-09 14:20:12,732 - INFO - quote {'T': 'q', 'S': 'BTC/USD', 'bp': 27856.61, 'bs': 0.00532, 'ap': 27866.99, 'as': 0.07675, 't': Timestamp(seconds=1683660012, nanoseconds=763650182)}
2023-05-09 14:20:12,735 - INFO - trade {'T': 't', 'S': 'BTC/USD', 'p': 27866.99, 's': 0.00053, 't': Timestamp(seconds=1683660012, nanoseconds=756000000), 'i': 16579680, 'tks': 'B'}
2023-05-09 14:20:14,163 - INFO - quote {'T': 'q', 'S': 'BTC/USD', 'bp': 27856.61, 'bs': 0.00532, 'ap': 27866.39, 'as': 0.18841, 't': Timestamp(seconds=1683660014, nanoseconds=194845591)}
2023-05-09 14:20:15,549 - INFO - quote {'T': 'q', 'S': 'BTC/USD', 'bp': 27856.61, 'bs': 0.14357, 'ap': 27866.39, 'as': 0.18841, 't': Timestamp(seconds=1683660015, nanoseconds=579524781)}
2023-05-09 14:20:16,262 - INFO - quote {'T': 'q', 'S': 'BTC/USD', 'bp': 27856.61, 'bs': 0.14357, 'ap': 27866.39, 'as': 0.26568, 't': Timestamp(seconds=1683660016, nanoseconds=259163612)}
2023-05-09 14:20:16,263 - INFO - quote {'T': 'q', 'S': 'BTC/USD', 'bp': 27856.61, 'bs': 0.14357, 'ap': 27866.39, 'as': 0.18841, 't': Timestamp(seconds=1683660016, nanoseconds=265462032)}
2023-05-09 14:20:16,263 - INFO - quote {'T': 'q', 'S': 'BTC/USD', 'bp': 27856.61, 'bs': 0.14357, 'ap': 27866.38, 'as': 0.07727, 't': Timestamp(seconds=1683660016, nanoseconds=265525979)}
2023-05-09 14:20:16,478 - INFO - quote {'T': 'q', 'S': 'BTC/USD', 'bp': 27856.61, 'bs': 0.00532, 'ap': 27866.38, 'as': 0.07727, 't': Timestamp(seconds=1683660016, nanoseconds=507998130)}
2023-05-09 14:20:17,982 - INFO - quote {'T': 'q', 'S': 'BTC/USD', 'bp': 27856.61, 'bs': 0.00532, 'ap': 27866.38, 'as': 0.26727, 't': Timestamp(seconds=1683660018, nanoseconds=12647121)}
2023-05-09 14:20:17,987 - INFO - quote {'T': 'q', 'S': 'BTC/USD', 'bp': 27856.61, 'bs': 0.00532, 'ap': 27866.37, 'as': 0.07727, 't': Timestamp(seconds=1683660018, nanoseconds=18714365)}
2023-05-09 14:20:20,166 - INFO - quote {'T': 'q', 'S': 'BTC/USD', 'bp': 27856.61, 'bs': 0.18942, 'ap': 27866.37, 'as': 0.07727, 't': Timestamp(seconds=1683660020, nanoseconds=196828746)}
2023-05-09 14:20:21,127 - INFO - quote {'T': 'q', 'S': 'BTC/USD', 'bp': 27856.61, 'bs': 0.00532, 'ap': 27866.37, 'as': 0.07727, 't': Timestamp(seconds=1683660021, nanoseconds=127209510)}
2023-05-09 14:20:22,100 - INFO - quote {'T': 'q', 'S': 'BTC/USD', 'bp': 27856.61, 'bs': 0.18119, 'ap': 27866.37, 'as': 0.07727, 't': Timestamp(seconds=1683660022, nanoseconds=54039333)}
2023-05-09 14:20:23,021 - INFO - quote {'T': 'q', 'S': 'BTC/USD', 'bp': 27856.61, 'bs': 0.00532, 'ap': 27866.37, 'as': 0.07727, 't': Timestamp(seconds=1683660022, nanoseconds=974299484)}
2023-05-09 14:20:23,022 - INFO - quote {'T': 'q', 'S': 'BTC/USD', 'bp': 27856.61, 'bs': 0.00532, 'ap': 27870.0, 'as': 0.30144, 't': Timestamp(seconds=1683660023, nanoseconds=8999276)}
2023-05-09 14:20:23,022 - INFO - trade {'T': 't', 'S': 'BTC/USD', 'p': 27866.37, 's': 0.07727, 't': Timestamp(seconds=1683660023, nanoseconds=1000000), 'i': 16579681, 'tks': 'B'}
2023-05-09 14:20:23,022 - INFO - trade {'T': 't', 'S': 'BTC/USD', 'p': 27866.38, 's': 0.00195, 't': Timestamp(seconds=1683660023, nanoseconds=1000000), 'i': 16579682, 'tks': 'B'}
2023-05-09 14:20:23,023 - INFO - trade {'T': 't', 'S': 'BTC/USD', 'p': 27866.39, 's': 0.18841, 't': Timestamp(seconds=1683660023, nanoseconds=1000000), 'i': 16579683, 'tks': 'B'}
2023-05-09 14:20:23,023 - INFO - trade {'T': 't', 'S': 'BTC/USD', 'p': 27867.0, 's': 0.28704, 't': Timestamp(seconds=1683660023, nanoseconds=1000000), 'i': 16579684, 'tks': 'B'}
2023-05-09 14:20:23,023 - INFO - trade {'T': 't', 'S': 'BTC/USD', 'p': 27868.67, 's': 0.01304, 't': Timestamp(seconds=1683660023, nanoseconds=1000000), 'i': 16579685, 'tks': 'B'}
2023-05-09 14:20:23,024 - INFO - trade {'T': 't', 'S': 'BTC/USD', 'p': 27868.87, 's': 0.15, 't': Timestamp(seconds=1683660023, nanoseconds=1000000), 'i': 16579686, 'tks': 'B'}
2023-05-09 14:20:23,024 - INFO - trade {'T': 't', 'S': 'BTC/USD', 'p': 27869.08, 's': 0.00532, 't': Timestamp(seconds=1683660023, nanoseconds=1000000), 'i': 16579687, 'tks': 'B'}
2023-05-09 14:20:23,024 - INFO - trade {'T': 't', 'S': 'BTC/USD', 'p': 27869.17, 's': 0.19, 't': Timestamp(seconds=1683660023, nanoseconds=1000000), 'i': 16579688, 'tks': 'B'}
2023-05-09 14:20:23,025 - INFO - trade {'T': 't', 'S': 'BTC/USD', 'p': 27870.0, 's': 0.19856, 't': Timestamp(seconds=1683660023, nanoseconds=1000000), 'i': 16579689, 'tks': 'B'}
2023-05-09 14:20:23,025 - INFO - quote {'T': 'q', 'S': 'BTC/USD', 'bp': 27856.61, 'bs': 0.19532, 'ap': 27870.0, 'as': 0.30144, 't': Timestamp(seconds=1683660023, nanoseconds=15443389)}
2023-05-09 14:20:23,025 - INFO - quote {'T': 'q', 'S': 'BTC/USD', 'bp': 27856.62, 'bs': 0.07727, 'ap': 27870.0, 'as': 0.30144, 't': Timestamp(seconds=1683660023, nanoseconds=23018636)}
2023-05-09 14:20:23,026 - INFO - quote {'T': 'q', 'S': 'BTC/USD', 'bp': 27856.61, 'bs': 0.00532, 'ap': 27870.0, 'as': 0.30144, 't': Timestamp(seconds=1683660023, nanoseconds=47023659)}
2023-05-09 14:20:23,026 - INFO - quote {'T': 'q', 'S': 'BTC/USD', 'bp': 27856.61, 'bs': 0.00532, 'ap': 27869.79, 'as': 0.19, 't': Timestamp(seconds=1683660023, nanoseconds=47063679)}
2023-05-09 14:20:23,027 - INFO - quote {'T': 'q', 'S': 'BTC/USD', 'bp': 27856.61, 'bs': 0.00532, 'ap': 27870.0, 'as': 0.30144, 't': Timestamp(seconds=1683660023, nanoseconds=52385132)}
2023-05-09 14:20:23,027 - INFO - quote {'T': 'q', 'S': 'BTC/USD', 'bp': 27856.61, 'bs': 0.00532, 'ap': 27869.18, 'as': 0.19, 't': Timestamp(seconds=1683660023, nanoseconds=56097094)}
2023-05-09 14:20:23,048 - INFO - quote {'T': 'q', 'S': 'BTC/USD', 'bp': 27856.61, 'bs': 0.00532, 'ap': 27870.0, 'as': 0.30144, 't': Timestamp(seconds=1683660023, nanoseconds=57351350)}
2023-05-09 14:20:23,048 - INFO - quote {'T': 'q', 'S': 'BTC/USD', 'bp': 27856.61, 'bs': 0.00532, 'ap': 27869.33, 'as': 0.19, 't': Timestamp(seconds=1683660023, nanoseconds=66339475)}
2023-05-09 14:20:23,051 - INFO - quote {'T': 'q', 'S': 'BTC/USD', 'bp': 27860.79, 'bs': 0.00532, 'ap': 27869.33, 'as': 0.19, 't': Timestamp(seconds=1683660023, nanoseconds=82500633)}
2023-05-09 14:20:23,057 - INFO - quote {'T': 'q', 'S': 'BTC/USD', 'bp': 27860.79, 'bs': 0.00532, 'ap': 27870.0, 'as': 0.30144, 't': Timestamp(seconds=1683660023, nanoseconds=88200189)}
2023-05-09 14:20:23,066 - INFO - quote {'T': 'q', 'S': 'BTC/USD', 'bp': 27860.79, 'bs': 0.00532, 'ap': 27869.72, 'as': 0.19, 't': Timestamp(seconds=1683660023, nanoseconds=97458801)}
2023-05-09 14:20:23,903 - INFO - quote {'T': 'q', 'S': 'BTC/USD', 'bp': 27860.79, 'bs': 0.13534, 'ap': 27869.72, 'as': 0.19, 't': Timestamp(seconds=1683660023, nanoseconds=900811010)}
2023-05-09 14:20:25,170 - INFO - quote {'T': 'q', 'S': 'BTC/USD', 'bp': 27860.79, 'bs': 0.13534, 'ap': 27869.72, 'as': 0.26727, 't': Timestamp(seconds=1683660025, nanoseconds=154681099)}
2023-05-09 14:20:25,171 - INFO - quote {'T': 'q', 'S': 'BTC/USD', 'bp': 27860.79, 'bs': 0.13534, 'ap': 27869.72, 'as': 0.19, 't': Timestamp(seconds=1683660025, nanoseconds=160477109)}
2023-05-09 14:20:25,171 - INFO - quote {'T': 'q', 'S': 'BTC/USD', 'bp': 27860.79, 'bs': 0.13534, 'ap': 27869.71, 'as': 0.07727, 't': Timestamp(seconds=1683660025, nanoseconds=162818207)}
2023-05-09 14:20:25,171 - INFO - quote {'T': 'q', 'S': 'BTC/USD', 'bp': 27860.79, 'bs': 0.13534, 'ap': 27869.72, 'as': 0.19, 't': Timestamp(seconds=1683660025, nanoseconds=175435997)}
2023-05-09 14:20:25,228 - INFO - quote {'T': 'q', 'S': 'BTC/USD', 'bp': 27860.79, 'bs': 0.13534, 'ap': 27869.71, 'as': 0.07727, 't': Timestamp(seconds=1683660025, nanoseconds=259479577)}
2023-05-09 14:20:25,234 - INFO - quote {'T': 'q', 'S': 'BTC/USD', 'bp': 27860.79, 'bs': 0.13534, 'ap': 27869.72, 'as': 0.19, 't': Timestamp(seconds=1683660025, nanoseconds=265431203)}
2023-05-09 14:20:25,559 - INFO - quote {'T': 'q', 'S': 'BTC/USD', 'bp': 27860.79, 'bs': 0.13534, 'ap': 27869.71, 'as': 0.07727, 't': Timestamp(seconds=1683660025, nanoseconds=589711532)}
2023-05-09 14:20:25,564 - INFO - quote {'T': 'q', 'S': 'BTC/USD', 'bp': 27860.79, 'bs': 0.13534, 'ap': 27869.72, 'as': 0.19, 't': Timestamp(seconds=1683660025, nanoseconds=595189796)}
2023-05-09 14:20:25,785 - INFO - quote {'T': 'q', 'S': 'BTC/USD', 'bp': 27860.79, 'bs': 0.13534, 'ap': 27869.71, 'as': 0.07727, 't': Timestamp(seconds=1683660025, nanoseconds=712976427)}
2023-05-09 14:20:25,785 - INFO - quote {'T': 'q', 'S': 'BTC/USD', 'bp': 27860.79, 'bs': 0.13534, 'ap': 27869.72, 'as': 0.19, 't': Timestamp(seconds=1683660025, nanoseconds=718933892)}
2023-05-09 14:20:25,785 - INFO - quote {'T': 'q', 'S': 'BTC/USD', 'bp': 27860.79, 'bs': 0.13534, 'ap': 27869.71, 'as': 0.07727, 't': Timestamp(seconds=1683660025, nanoseconds=727835749)}
2023-05-09 14:20:25,785 - INFO - quote {'T': 'q', 'S': 'BTC/USD', 'bp': 27860.79, 'bs': 0.13534, 'ap': 27869.72, 'as': 0.19, 't': Timestamp(seconds=1683660025, nanoseconds=734169120)}
2023-05-09 14:20:25,786 - INFO - quote {'T': 'q', 'S': 'BTC/USD', 'bp': 27860.79, 'bs': 0.00532, 'ap': 27869.72, 'as': 0.19, 't': Timestamp(seconds=1683660025, nanoseconds=746971535)}
2023-05-09 14:20:25,786 - INFO - quote {'T': 'q', 'S': 'BTC/USD', 'bp': 27860.79, 'bs': 0.00532, 'ap': 27869.71, 'as': 0.07727, 't': Timestamp(seconds=1683660025, nanoseconds=749811331)}
2023-05-09 14:20:25,786 - INFO - quote {'T': 'q', 'S': 'BTC/USD', 'bp': 27860.79, 'bs': 0.00532, 'ap': 27869.29, 'as': 0.19, 't': Timestamp(seconds=1683660025, nanoseconds=755938097)}
2023-05-09 14:20:25,903 - INFO - quote {'T': 'q', 'S': 'BTC/USD', 'bp': 27860.79, 'bs': 0.00532, 'ap': 27869.29, 'as': 0.26727, 't': Timestamp(seconds=1683660025, nanoseconds=934548873)}
2023-05-09 14:20:25,909 - INFO - quote {'T': 'q', 'S': 'BTC/USD', 'bp': 27860.79, 'bs': 0.00532, 'ap': 27869.29, 'as': 0.19, 't': Timestamp(seconds=1683660025, nanoseconds=939977303)}
2023-05-09 14:20:25,912 - INFO - quote {'T': 'q', 'S': 'BTC/USD', 'bp': 27860.79, 'bs': 0.00532, 'ap': 27869.28, 'as': 0.07727, 't': Timestamp(seconds=1683660025, nanoseconds=943342661)}
2023-05-09 14:20:25,917 - INFO - quote {'T': 'q', 'S': 'BTC/USD', 'bp': 27860.79, 'bs': 0.00532, 'ap': 27868.98, 'as': 0.19, 't': Timestamp(seconds=1683660025, nanoseconds=948657848)}
2023-05-09 14:20:26,023 - INFO - quote {'T': 'q', 'S': 'BTC/USD', 'bp': 27860.79, 'bs': 0.00132, 'ap': 27868.98, 'as': 0.19, 't': Timestamp(seconds=1683660026, nanoseconds=53319888)}
2023-05-09 14:20:26,023 - INFO - trade {'T': 't', 'S': 'BTC/USD', 'p': 27860.79, 's': 0.004, 't': Timestamp(seconds=1683660026, nanoseconds=46000000), 'i': 16579690, 'tks': 'S'}
2023-05-09 14:20:26,028 - INFO - quote {'T': 'q', 'S': 'BTC/USD', 'bp': 27860.79, 'bs': 0.00132, 'ap': 27868.97, 'as': 0.07727, 't': Timestamp(seconds=1683660026, nanoseconds=58750961)}
2023-05-09 14:20:26,037 - INFO - quote {'T': 'q', 'S': 'BTC/USD', 'bp': 27860.79, 'bs': 0.00132, 'ap': 27868.22, 'as': 0.19, 't': Timestamp(seconds=1683660026, nanoseconds=67923973)}
2023-05-09 14:20:26,043 - INFO - quote {'T': 'q', 'S': 'BTC/USD', 'bp': 27860.79, 'bs': 0.00132, 'ap': 27868.21, 'as': 0.07727, 't': Timestamp(seconds=1683660026, nanoseconds=74156410)}
2023-05-09 14:20:26,049 - INFO - quote {'T': 'q', 'S': 'BTC/USD', 'bp': 27860.79, 'bs': 0.00132, 'ap': 27867.66, 'as': 0.19, 't': Timestamp(seconds=1683660026, nanoseconds=80521259)}
2023-05-09 14:20:26,056 - INFO - quote {'T': 'q', 'S': 'BTC/USD', 'bp': 27860.79, 'bs': 0.00132, 'ap': 27867.65, 'as': 0.07727, 't': Timestamp(seconds=1683660026, nanoseconds=86830093)}
2023-05-09 14:20:26,062 - INFO - quote {'T': 'q', 'S': 'BTC/USD', 'bp': 27860.79, 'bs': 0.00132, 'ap': 27867.05, 'as': 0.19, 't': Timestamp(seconds=1683660026, nanoseconds=92969021)}
2023-05-09 14:20:26,063 - INFO - quote {'T': 'q', 'S': 'BTC/USD', 'bp': 27860.79, 'bs': 0.00132, 'ap': 27866.74, 'as': 0.19, 't': Timestamp(seconds=1683660026, nanoseconds=94251758)}
2023-05-09 14:20:26,091 - INFO - quote {'T': 'q', 'S': 'BTC/USD', 'bp': 27860.79, 'bs': 0.00132, 'ap': 27866.01, 'as': 0.00532, 't': Timestamp(seconds=1683660026, nanoseconds=122779364)}
2023-05-09 14:20:29,471 - INFO - quote {'T': 'q', 'S': 'BTC/USD', 'bp': 27860.79, 'bs': 0.13717, 'ap': 27866.01, 'as': 0.00532, 't': Timestamp(seconds=1683660029, nanoseconds=462218788)}
2023-05-09 14:20:30,353 - INFO - quote {'T': 'q', 'S': 'BTC/USD', 'bp': 27860.79, 'bs': 0.00132, 'ap': 27866.01, 'as': 0.00532, 't': Timestamp(seconds=1683660030, nanoseconds=384155882)}
2023-05-09 14:20:33,158 - INFO - quote {'T': 'q', 'S': 'BTC/USD', 'bp': 27860.79, 'bs': 0.17558, 'ap': 27866.01, 'as': 0.00532, 't': Timestamp(seconds=1683660033, nanoseconds=165108645)}
2023-05-09 14:20:34,062 - INFO - quote {'T': 'q', 'S': 'BTC/USD', 'bp': 27860.79, 'bs': 0.00132, 'ap': 27866.01, 'as': 0.00532, 't': Timestamp(seconds=1683660034, nanoseconds=93094313)}
2023-05-09 14:20:36,900 - INFO - quote {'T': 'q', 'S': 'BTC/USD', 'bp': 27860.79, 'bs': 0.16303, 'ap': 27866.01, 'as': 0.00532, 't': Timestamp(seconds=1683660036, nanoseconds=881548559)}
2023-05-09 14:20:38,704 - INFO - quote {'T': 'q', 'S': 'BTC/USD', 'bp': 27860.79, 'bs': 0.00132, 'ap': 27866.01, 'as': 0.00532, 't': Timestamp(seconds=1683660038, nanoseconds=735742123)}
2023-05-09 14:20:41,474 - INFO - quote {'T': 'q', 'S': 'BTC/USD', 'bp': 27860.79, 'bs': 0.17298, 'ap': 27866.01, 'as': 0.00532, 't': Timestamp(seconds=1683660041, nanoseconds=505389149)}
2023-05-09 14:20:42,476 - INFO - quote {'T': 'q', 'S': 'BTC/USD', 'bp': 27860.79, 'bs': 0.00132, 'ap': 27866.01, 'as': 0.00532, 't': Timestamp(seconds=1683660042, nanoseconds=434298496)}
2023-05-09 14:20:44,114 - INFO - quote {'T': 'q', 'S': 'BTC/USD', 'bp': 27860.79, 'bs': 0.01566, 'ap': 27866.01, 'as': 0.00532, 't': Timestamp(seconds=1683660044, nanoseconds=47947190)}
2023-05-09 14:20:46,930 - INFO - quote {'T': 'q', 'S': 'BTC/USD', 'bp': 27860.79, 'bs': 0.00132, 'ap': 27866.01, 'as': 0.00532, 't': Timestamp(seconds=1683660046, nanoseconds=947812471)}
2023-05-09 14:20:47,017 - INFO - quote {'T': 'q', 'S': 'BTC/USD', 'bp': 27860.79, 'bs': 0.00132, 'ap': 27868.8, 'as': 0.18098, 't': Timestamp(seconds=1683660047, nanoseconds=48027138)}
2023-05-09 14:20:47,017 - INFO - trade {'T': 't', 'S': 'BTC/USD', 'p': 27866.01, 's': 0.00532, 't': Timestamp(seconds=1683660047, nanoseconds=41000000), 'i': 16579691, 'tks': 'B'}
2023-05-09 14:20:47,018 - INFO - trade {'T': 't', 'S': 'BTC/USD', 'p': 27868.8, 's': 0.00902, 't': Timestamp(seconds=1683660047, nanoseconds=41000000), 'i': 16579692, 'tks': 'B'}
2023-05-09 14:20:47,022 - INFO - quote {'T': 'q', 'S': 'BTC/USD', 'bp': 27860.79, 'bs': 0.00132, 'ap': 27868.8, 'as': 0.37098, 't': Timestamp(seconds=1683660047, nanoseconds=53203346)}
2023-05-09 14:20:47,023 - INFO - quote {'T': 'q', 'S': 'BTC/USD', 'bp': 27860.79, 'bs': 0.00132, 'ap': 27868.8, 'as': 0.19, 't': Timestamp(seconds=1683660047, nanoseconds=54903354)}
2023-05-09 14:20:47,028 - INFO - quote {'T': 'q', 'S': 'BTC/USD', 'bp': 27860.79, 'bs': 0.00132, 'ap': 27867.6, 'as': 0.19, 't': Timestamp(seconds=1683660047, nanoseconds=59788792)}
2023-05-09 14:20:47,032 - INFO - quote {'T': 'q', 'S': 'BTC/USD', 'bp': 27860.79, 'bs': 0.00132, 'ap': 27868.23, 'as': 0.19, 't': Timestamp(seconds=1683660047, nanoseconds=63511986)}
2023-05-09 14:20:47,040 - INFO - quote {'T': 'q', 'S': 'BTC/USD', 'bp': 27860.79, 'bs': 0.10526, 'ap': 27868.23, 'as': 0.19, 't': Timestamp(seconds=1683660047, nanoseconds=66985640)}
2023-05-09 14:20:47,041 - INFO - quote {'T': 'q', 'S': 'BTC/USD', 'bp': 27860.79, 'bs': 0.10526, 'ap': 27868.23, 'as': 0.38, 't': Timestamp(seconds=1683660047, nanoseconds=69147099)}
2023-05-09 14:20:47,301 - INFO - quote {'T': 'q', 'S': 'BTC/USD', 'bp': 27860.79, 'bs': 0.10526, 'ap': 27868.16, 'as': 0.094, 't': Timestamp(seconds=1683660047, nanoseconds=331860792)}
2023-05-09 14:20:47,306 - INFO - quote {'T': 'q', 'S': 'BTC/USD', 'bp': 27860.79, 'bs': 0.10526, 'ap': 27867.13, 'as': 0.19, 't': Timestamp(seconds=1683660047, nanoseconds=337655758)}
2023-05-09 14:20:48,108 - INFO - quote {'T': 'q', 'S': 'BTC/USD', 'bp': 27860.79, 'bs': 0.00132, 'ap': 27867.13, 'as': 0.19, 't': Timestamp(seconds=1683660047, nanoseconds=996034412)}
2023-05-09 14:20:48,776 - INFO - quote {'T': 'q', 'S': 'BTC/USD', 'bp': 27860.79, 'bs': 0.00132, 'ap': 27866.78, 'as': 0.03588, 't': Timestamp(seconds=1683660048, nanoseconds=807039580)}
2023-05-09 14:20:48,782 - INFO - quote {'T': 'q', 'S': 'BTC/USD', 'bp': 27860.79, 'bs': 0.00132, 'ap': 27864.47, 'as': 0.19, 't': Timestamp(seconds=1683660048, nanoseconds=813459998)}
2023-05-09 14:20:48,803 - INFO - quote {'T': 'q', 'S': 'BTC/USD', 'bp': 27860.79, 'bs': 0.00132, 'ap': 27864.47, 'as': 0.38, 't': Timestamp(seconds=1683660048, nanoseconds=834370154)}
2023-05-09 14:20:48,855 - INFO - quote {'T': 'q', 'S': 'BTC/USD', 'bp': 27856.61, 'bs': 0.00532, 'ap': 27864.47, 'as': 0.38, 't': Timestamp(seconds=1683660048, nanoseconds=886645140)}
2023-05-09 14:20:48,856 - INFO - trade {'T': 't', 'S': 'BTC/USD', 'p': 27860.79, 's': 0.00132, 't': Timestamp(seconds=1683660048, nanoseconds=878000000), 'i': 16579693, 'tks': 'S'}
2023-05-09 14:20:48,880 - INFO - quote {'T': 'q', 'S': 'BTC/USD', 'bp': 27856.61, 'bs': 0.00532, 'ap': 27864.45, 'as': 0.03588, 't': Timestamp(seconds=1683660048, nanoseconds=911415779)}
2023-05-09 14:20:48,886 - INFO - quote {'T': 'q', 'S': 'BTC/USD', 'bp': 27856.61, 'bs': 0.00532, 'ap': 27863.06, 'as': 0.19, 't': Timestamp(seconds=1683660048, nanoseconds=917480874)}
2023-05-09 14:20:48,890 - INFO - quote {'T': 'q', 'S': 'BTC/USD', 'bp': 27856.61, 'bs': 0.00532, 'ap': 27861.67, 'as': 0.19, 't': Timestamp(seconds=1683660048, nanoseconds=921729162)}
2023-05-09 14:20:48,892 - INFO - quote {'T': 'q', 'S': 'BTC/USD', 'bp': 27856.61, 'bs': 0.00532, 'ap': 27863.06, 'as': 0.19, 't': Timestamp(seconds=1683660048, nanoseconds=923534846)}
2023-05-09 14:20:48,895 - INFO - quote {'T': 'q', 'S': 'BTC/USD', 'bp': 27856.61, 'bs': 0.00532, 'ap': 27864.47, 'as': 0.38, 't': Timestamp(seconds=1683660048, nanoseconds=925966008)}
2023-05-09 14:20:48,896 - INFO - quote {'T': 'q', 'S': 'BTC/USD', 'bp': 27856.61, 'bs': 0.00532, 'ap': 27864.47, 'as': 0.19, 't': Timestamp(seconds=1683660048, nanoseconds=927131452)}
2023-05-09 14:20:48,898 - INFO - quote {'T': 'q', 'S': 'BTC/USD', 'bp': 27856.61, 'bs': 0.00532, 'ap': 27861.67, 'as': 0.19, 't': Timestamp(seconds=1683660048, nanoseconds=928411520)}
2023-05-09 14:20:48,899 - INFO - quote {'T': 'q', 'S': 'BTC/USD', 'bp': 27856.61, 'bs': 0.00532, 'ap': 27861.67, 'as': 0.38, 't': Timestamp(seconds=1683660048, nanoseconds=930337147)}
2023-05-09 14:20:48,903 - INFO - quote {'T': 'q', 'S': 'BTC/USD', 'bp': 27856.61, 'bs': 0.00532, 'ap': 27861.67, 'as': 0.19, 't': Timestamp(seconds=1683660048, nanoseconds=934500593)}
2023-05-09 14:20:48,912 - INFO - quote {'T': 'q', 'S': 'BTC/USD', 'bp': 27856.61, 'bs': 0.00532, 'ap': 27861.14, 'as': 0.19, 't': Timestamp(seconds=1683660048, nanoseconds=943673195)}
2023-05-09 14:20:48,917 - INFO - quote {'T': 'q', 'S': 'BTC/USD', 'bp': 27856.61, 'bs': 0.00532, 'ap': 27861.67, 'as': 0.19, 't': Timestamp(seconds=1683660048, nanoseconds=947943364)}
2023-05-09 14:20:48,925 - INFO - quote {'T': 'q', 'S': 'BTC/USD', 'bp': 27856.61, 'bs': 0.00532, 'ap': 27861.67, 'as': 0.38, 't': Timestamp(seconds=1683660048, nanoseconds=956097486)}
2023-05-09 14:20:48,926 - INFO - quote {'T': 'q', 'S': 'BTC/USD', 'bp': 27860.79, 'bs': 0.00532, 'ap': 27861.67, 'as': 0.38, 't': Timestamp(seconds=1683660048, nanoseconds=957064520)}
2023-05-09 14:20:48,931 - INFO - trade {'T': 't', 'S': 'BTC/USD', 'p': 27860.79, 's': 0.0053, 't': Timestamp(seconds=1683660048, nanoseconds=956000000), 'i': 16579694, 'tks': 'S'}
2023-05-09 14:20:48,932 - INFO - quote {'T': 'q', 'S': 'BTC/USD', 'bp': 27860.79, 'bs': 0.00532, 'ap': 27861.67, 'as': 0.19, 't': Timestamp(seconds=1683660048, nanoseconds=963813754)}
2023-05-09 14:20:48,933 - INFO - quote {'T': 'q', 'S': 'BTC/USD', 'bp': 27860.79, 'bs': 2e-05, 'ap': 27861.67, 'as': 0.19, 't': Timestamp(seconds=1683660048, nanoseconds=963885174)}
2023-05-09 14:20:48,933 - INFO - quote {'T': 'q', 'S': 'BTC/USD', 'bp': 27856.61, 'bs': 0.00532, 'ap': 27861.67, 'as': 0.19, 't': Timestamp(seconds=1683660048, nanoseconds=963923729)}
2023-05-09 14:20:48,933 - INFO - trade {'T': 't', 'S': 'BTC/USD', 'p': 27860.79, 's': 2e-05, 't': Timestamp(seconds=1683660048, nanoseconds=957000000), 'i': 16579695, 'tks': 'S'}
2023-05-09 14:20:48,937 - INFO - quote {'T': 'q', 'S': 'BTC/USD', 'bp': 27856.61, 'bs': 0.00532, 'ap': 27861.63, 'as': 0.19, 't': Timestamp(seconds=1683660048, nanoseconds=968490024)}
2023-05-09 14:20:48,943 - INFO - quote {'T': 'q', 'S': 'BTC/USD', 'bp': 27856.61, 'bs': 0.00532, 'ap': 27861.63, 'as': 0.38, 't': Timestamp(seconds=1683660048, nanoseconds=974747579)}
2023-05-09 14:20:49,034 - INFO - quote {'T': 'q', 'S': 'BTC/USD', 'bp': 27856.61, 'bs': 0.00532, 'ap': 27861.63, 'as': 0.19, 't': Timestamp(seconds=1683660049, nanoseconds=65218328)}
2023-05-09 14:20:49,109 - INFO - quote {'T': 'q', 'S': 'BTC/USD', 'bp': 27856.61, 'bs': 0.00532, 'ap': 27862.98, 'as': 0.01304, 't': Timestamp(seconds=1683660049, nanoseconds=140195399)}
2023-05-09 14:20:49,121 - INFO - quote {'T': 'q', 'S': 'BTC/USD', 'bp': 27856.61, 'bs': 0.00532, 'ap': 27864.46, 'as': 0.07727, 't': Timestamp(seconds=1683660049, nanoseconds=152606214)}
2023-05-09 14:20:49,126 - INFO - quote {'T': 'q', 'S': 'BTC/USD', 'bp': 27856.61, 'bs': 0.00532, 'ap': 27864.47, 'as': 0.19, 't': Timestamp(seconds=1683660049, nanoseconds=157388123)}
2023-05-09 14:20:49,127 - INFO - quote {'T': 'q', 'S': 'BTC/USD', 'bp': 27856.61, 'bs': 0.00532, 'ap': 27864.38, 'as': 0.19, 't': Timestamp(seconds=1683660049, nanoseconds=158713287)}
2023-05-09 14:20:50,878 - INFO - quote {'T': 'q', 'S': 'BTC/USD', 'bp': 27856.61, 'bs': 0.00532, 'ap': 27864.47, 'as': 0.19, 't': Timestamp(seconds=1683660050, nanoseconds=823764448)}
2023-05-09 14:20:50,878 - INFO - quote {'T': 'q', 'S': 'BTC/USD', 'bp': 27856.61, 'bs': 0.00532, 'ap': 27864.99, 'as': 0.00532, 't': Timestamp(seconds=1683660050, nanoseconds=829083339)}
2023-05-09 14:20:51,164 - INFO - quote {'T': 'q', 'S': 'BTC/USD', 'bp': 27856.61, 'bs': 0.00532, 'ap': 27864.99, 'as': 0.19532, 't': Timestamp(seconds=1683660051, nanoseconds=194991848)}
2023-05-09 14:20:51,693 - INFO - quote {'T': 'q', 'S': 'BTC/USD', 'bp': 27856.61, 'bs': 0.00532, 'ap': 27864.99, 'as': 0.00532, 't': Timestamp(seconds=1683660051, nanoseconds=623771880)}
2023-05-09 14:20:51,695 - INFO - quote {'T': 'q', 'S': 'BTC/USD', 'bp': 27856.61, 'bs': 0.16688, 'ap': 27864.99, 'as': 0.00532, 't': Timestamp(seconds=1683660051, nanoseconds=701521157)}
2023-05-09 14:20:52,596 - INFO - quote {'T': 'q', 'S': 'BTC/USD', 'bp': 27856.61, 'bs': 0.00532, 'ap': 27864.99, 'as': 0.00532, 't': Timestamp(seconds=1683660052, nanoseconds=626861802)}
2023-05-09 14:20:56,403 - INFO - quote {'T': 'q', 'S': 'BTC/USD', 'bp': 27856.61, 'bs': 0.17484, 'ap': 27864.99, 'as': 0.00532, 't': Timestamp(seconds=1683660056, nanoseconds=334158156)}
2023-05-09 14:20:57,324 - INFO - quote {'T': 'q', 'S': 'BTC/USD', 'bp': 27856.61, 'bs': 0.00532, 'ap': 27864.99, 'as': 0.00532, 't': Timestamp(seconds=1683660057, nanoseconds=257165126)}
2023-05-09 14:21:00,088 - INFO - quote {'T': 'q', 'S': 'BTC/USD', 'bp': 27856.61, 'bs': 0.19302, 'ap': 27864.99, 'as': 0.00532, 't': Timestamp(seconds=1683660060, nanoseconds=35433274)}
2023-05-09 14:21:01,932 - INFO - quote {'T': 'q', 'S': 'BTC/USD', 'bp': 27856.61, 'bs': 0.00532, 'ap': 27864.99, 'as': 0.00532, 't': Timestamp(seconds=1683660061, nanoseconds=891515011)}
2023-05-09 14:21:05,088 - INFO - quote {'T': 'q', 'S': 'BTC/USD', 'bp': 27856.61, 'bs': 0.00532, 'ap': 27864.92, 'as': 0.19, 't': Timestamp(seconds=1683660065, nanoseconds=118252247)}
2023-05-09 14:21:05,094 - INFO - quote {'T': 'q', 'S': 'BTC/USD', 'bp': 27856.61, 'bs': 0.00532, 'ap': 27864.99, 'as': 0.00532, 't': Timestamp(seconds=1683660065, nanoseconds=124620141)}
2023-05-09 14:21:05,100 - INFO - quote {'T': 'q', 'S': 'BTC/USD', 'bp': 27856.61, 'bs': 0.00532, 'ap': 27864.19, 'as': 0.19, 't': Timestamp(seconds=1683660065, nanoseconds=131545173)}
2023-05-09 14:21:05,103 - INFO - quote {'T': 'q', 'S': 'BTC/USD', 'bp': 27856.61, 'bs': 0.00532, 'ap': 27864.99, 'as': 0.00532, 't': Timestamp(seconds=1683660065, nanoseconds=134285182)}
2023-05-09 14:21:05,114 - INFO - quote {'T': 'q', 'S': 'BTC/USD', 'bp': 27856.61, 'bs': 0.00532, 'ap': 27864.92, 'as': 0.19, 't': Timestamp(seconds=1683660065, nanoseconds=144206874)}
2023-05-09 14:21:05,118 - INFO - quote {'T': 'q', 'S': 'BTC/USD', 'bp': 27856.61, 'bs': 0.00532, 'ap': 27864.99, 'as': 0.00532, 't': Timestamp(seconds=1683660065, nanoseconds=149577500)}
2023-05-09 14:21:05,122 - INFO - quote {'T': 'q', 'S': 'BTC/USD', 'bp': 27856.61, 'bs': 0.00532, 'ap': 27864.67, 'as': 0.19, 't': Timestamp(seconds=1683660065, nanoseconds=153643201)}
2023-05-09 14:21:05,128 - INFO - quote {'T': 'q', 'S': 'BTC/USD', 'bp': 27856.61, 'bs': 0.00532, 'ap': 27864.99, 'as': 0.00532, 't': Timestamp(seconds=1683660065, nanoseconds=159793561)}
2023-05-09 14:21:05,158 - INFO - quote {'T': 'q', 'S': 'BTC/USD', 'bp': 27856.61, 'bs': 0.00532, 'ap': 27864.99, 'as': 0.19532, 't': Timestamp(seconds=1683660065, nanoseconds=188751157)}
2023-05-09 14:21:05,259 - INFO - quote {'T': 'q', 'S': 'BTC/USD', 'bp': 27856.61, 'bs': 0.00532, 'ap': 27864.81, 'as': 0.19, 't': Timestamp(seconds=1683660065, nanoseconds=290161364)}
2023-05-09 14:21:05,299 - INFO - quote {'T': 'q', 'S': 'BTC/USD', 'bp': 27856.61, 'bs': 0.00532, 'ap': 27864.81, 'as': 0.2797, 't': Timestamp(seconds=1683660065, nanoseconds=330610722)}
2023-05-09 14:21:05,338 - INFO - quote {'T': 'q', 'S': 'BTC/USD', 'bp': 27856.61, 'bs': 0.00532, 'ap': 27862.16, 'as': 0.19, 't': Timestamp(seconds=1683660065, nanoseconds=369076222)}
2023-05-09 14:21:05,343 - INFO - quote {'T': 'q', 'S': 'BTC/USD', 'bp': 27856.61, 'bs': 0.00532, 'ap': 27864.81, 'as': 0.2797, 't': Timestamp(seconds=1683660065, nanoseconds=374341168)}
2023-05-09 14:21:05,347 - INFO - quote {'T': 'q', 'S': 'BTC/USD', 'bp': 27856.61, 'bs': 0.00532, 'ap': 27861.81, 'as': 0.19, 't': Timestamp(seconds=1683660065, nanoseconds=378743524)}
2023-05-09 14:21:05,350 - INFO - quote {'T': 'q', 'S': 'BTC/USD', 'bp': 27856.61, 'bs': 0.00532, 'ap': 27864.81, 'as': 0.2797, 't': Timestamp(seconds=1683660065, nanoseconds=381023017)}
2023-05-09 14:21:05,396 - INFO - quote {'T': 'q', 'S': 'BTC/USD', 'bp': 27856.61, 'bs': 0.00532, 'ap': 27862.2, 'as': 0.19, 't': Timestamp(seconds=1683660065, nanoseconds=427082684)}
2023-05-09 14:21:05,400 - INFO - quote {'T': 'q', 'S': 'BTC/USD', 'bp': 27856.61, 'bs': 0.00532, 'ap': 27864.81, 'as': 0.2797, 't': Timestamp(seconds=1683660065, nanoseconds=431637124)}
2023-05-09 14:21:07,697 - INFO - quote {'T': 'q', 'S': 'BTC/USD', 'bp': 27856.61, 'bs': 0.00532, 'ap': 27862.14, 'as': 0.19, 't': Timestamp(seconds=1683660067, nanoseconds=713781015)}
2023-05-09 14:21:07,698 - INFO - quote {'T': 'q', 'S': 'BTC/USD', 'bp': 27856.61, 'bs': 0.00532, 'ap': 27864.81, 'as': 0.2797, 't': Timestamp(seconds=1683660067, nanoseconds=719538551)}
2023-05-09 14:21:07,973 - INFO - quote {'T': 'q', 'S': 'BTC/USD', 'bp': 27856.61, 'bs': 0.00532, 'ap': 27862.15, 'as': 0.19, 't': Timestamp(seconds=1683660067, nanoseconds=925837418)}
2023-05-09 14:21:07,974 - INFO - quote {'T': 'q', 'S': 'BTC/USD', 'bp': 27856.61, 'bs': 0.00532, 'ap': 27864.81, 'as': 0.2797, 't': Timestamp(seconds=1683660067, nanoseconds=931555899)}
2023-05-09 14:21:07,974 - INFO - quote {'T': 'q', 'S': 'BTC/USD', 'bp': 27856.6, 'bs': 0.00063, 'ap': 27864.81, 'as': 0.2797, 't': Timestamp(seconds=1683660067, nanoseconds=983231200)}
2023-05-09 14:21:07,974 - INFO - trade {'T': 't', 'S': 'BTC/USD', 'p': 27856.61, 's': 0.00532, 't': Timestamp(seconds=1683660067, nanoseconds=977000000), 'i': 16579696, 'tks': 'S'}
2023-05-09 14:21:07,974 - INFO - trade {'T': 't', 'S': 'BTC/USD', 'p': 27856.6, 's': 0.00471, 't': Timestamp(seconds=1683660067, nanoseconds=977000000), 'i': 16579697, 'tks': 'S'}
2023-05-09 14:21:07,975 - INFO - quote {'T': 'q', 'S': 'BTC/USD', 'bp': 27856.6, 'bs': 0.00063, 'ap': 27862.18, 'as': 0.19, 't': Timestamp(seconds=1683660067, nanoseconds=985287571)}
2023-05-09 14:21:07,975 - INFO - quote {'T': 'q', 'S': 'BTC/USD', 'bp': 27856.6, 'bs': 0.00063, 'ap': 27862.18, 'as': 0.38, 't': Timestamp(seconds=1683660067, nanoseconds=991357733)}
2023-05-09 14:21:07,976 - INFO - trade {'T': 't', 'S': 'BTC/USD', 'p': 27856.6, 's': 0.00063, 't': Timestamp(seconds=1683660067, nanoseconds=998000000), 'i': 16579698, 'tks': 'S'}
2023-05-09 14:21:07,976 - INFO - quote {'T': 'q', 'S': 'BTC/USD', 'bp': 27854.0, 'bs': 0.12313, 'ap': 27862.18, 'as': 0.38, 't': Timestamp(seconds=1683660068, nanoseconds=3947521)}
2023-05-09 14:21:08,002 - INFO - trade {'T': 't', 'S': 'BTC/USD', 'p': 27854.0, 's': 0.11701, 't': Timestamp(seconds=1683660068, nanoseconds=12000000), 'i': 16579699, 'tks': 'S'}
2023-05-09 14:21:08,002 - INFO - quote {'T': 'q', 'S': 'BTC/USD', 'bp': 27854.0, 'bs': 0.00612, 'ap': 27862.18, 'as': 0.38, 't': Timestamp(seconds=1683660068, nanoseconds=19868584)}
2023-05-09 14:21:08,028 - INFO - quote {'T': 'q', 'S': 'BTC/USD', 'bp': 27854.0, 'bs': 0.00612, 'ap': 27857.1, 'as': 0.00533, 't': Timestamp(seconds=1683660068, nanoseconds=59150443)}
2023-05-09 14:21:09,305 - INFO - quote {'T': 'q', 'S': 'BTC/USD', 'bp': 27854.0, 'bs': 0.16966, 'ap': 27857.1, 'as': 0.00533, 't': Timestamp(seconds=1683660069, nanoseconds=319799899)}
2023-05-09 14:21:11,238 - INFO - quote {'T': 'q', 'S': 'BTC/USD', 'bp': 27854.0, 'bs': 0.00612, 'ap': 27857.1, 'as': 0.00533, 't': Timestamp(seconds=1683660071, nanoseconds=179373646)}
2023-05-09 14:21:13,094 - INFO - quote {'T': 'q', 'S': 'BTC/USD', 'bp': 27854.0, 'bs': 0.10675, 'ap': 27857.1, 'as': 0.00533, 't': Timestamp(seconds=1683660073, nanoseconds=38020675)}
2023-05-09 14:21:15,245 - INFO - quote {'T': 'q', 'S': 'BTC/USD', 'bp': 27854.0, 'bs': 0.10675, 'ap': 27860.79, 'as': 0.00533, 't': Timestamp(seconds=1683660075, nanoseconds=231311728)}
2023-05-09 14:21:15,245 - INFO - trade {'T': 't', 'S': 'BTC/USD', 'p': 27857.1, 's': 0.00533, 't': Timestamp(seconds=1683660075, nanoseconds=225000000), 'i': 16579700, 'tks': 'B'}
2023-05-09 14:21:15,790 - INFO - quote {'T': 'q', 'S': 'BTC/USD', 'bp': 27854.0, 'bs': 0.00612, 'ap': 27860.79, 'as': 0.00533, 't': Timestamp(seconds=1683660075, nanoseconds=821462802)}
2023-05-09 14:21:17,702 - INFO - quote {'T': 'q', 'S': 'BTC/USD', 'bp': 27854.0, 'bs': 0.11843, 'ap': 27860.79, 'as': 0.00533, 't': Timestamp(seconds=1683660077, nanoseconds=679399120)}
2023-05-09 14:21:18,624 - INFO - quote {'T': 'q', 'S': 'BTC/USD', 'bp': 27854.0, 'bs': 0.00612, 'ap': 27860.79, 'as': 0.00533, 't': Timestamp(seconds=1683660078, nanoseconds=612339751)}
2023-05-09 14:21:21,390 - INFO - quote {'T': 'q', 'S': 'BTC/USD', 'bp': 27854.0, 'bs': 0.15022, 'ap': 27860.79, 'as': 0.00533, 't': Timestamp(seconds=1683660081, nanoseconds=392241128)}
2023-05-09 14:21:22,309 - INFO - quote {'T': 'q', 'S': 'BTC/USD', 'bp': 27854.0, 'bs': 0.00612, 'ap': 27860.79, 'as': 0.00533, 't': Timestamp(seconds=1683660082, nanoseconds=317027298)}
2023-05-09 14:21:24,140 - INFO - quote {'T': 'q', 'S': 'BTC/USD', 'bp': 27854.0, 'bs': 0.11689, 'ap': 27860.79, 'as': 0.00533, 't': Timestamp(seconds=1683660084, nanoseconds=171172589)}
2023-05-09 14:21:25,069 - INFO - quote {'T': 'q', 'S': 'BTC/USD', 'bp': 27854.0, 'bs': 0.00612, 'ap': 27860.79, 'as': 0.00533, 't': Timestamp(seconds=1683660085, nanoseconds=99582423)}
2023-05-09 14:21:27,941 - INFO - quote {'T': 'q', 'S': 'BTC/USD', 'bp': 27854.0, 'bs': 0.14484, 'ap': 27860.79, 'as': 0.00533, 't': Timestamp(seconds=1683660087, nanoseconds=881458965)}
2023-05-09 14:21:29,706 - INFO - quote {'T': 'q', 'S': 'BTC/USD', 'bp': 27854.0, 'bs': 0.00612, 'ap': 27860.79, 'as': 0.00533, 't': Timestamp(seconds=1683660089, nanoseconds=736163918)}
